<?xml version="1.0" encoding="UTF-8"?>
<testng-results ignored="0" total="2" passed="2" failed="0" skipped="0">
  <reporter-output>
  </reporter-output>
  <suite started-at="2025-06-19T15:31:50 IST" name="Suite" finished-at="2025-06-19T15:32:19 IST" duration-ms="28034">
    <groups>
    </groups>
    <test started-at="2025-06-19T15:31:50 IST" name="Test" finished-at="2025-06-19T15:32:19 IST" duration-ms="28034">
      <class name="com.testScripts.addToCart">
        <test-method is-config="true" signature="configBM()[pri:0, instance:com.testScripts.addToCart@5082d622]" started-at="2025-06-19T15:32:04 IST" name="configBM" finished-at="2025-06-19T15:32:08 IST" duration-ms="4379" status="PASS">
          <reporter-output>
          </reporter-output>
        </test-method> <!-- configBM -->
        <test-method signature="addToCartTest()[pri:0, instance:com.testScripts.addToCart@5082d622]" started-at="2025-06-19T15:32:08 IST" name="addToCartTest" finished-at="2025-06-19T15:32:12 IST" duration-ms="4459" status="PASS">
          <reporter-output>
          </reporter-output>
        </test-method> <!-- addToCartTest -->
        <test-method is-config="true" signature="configAM()[pri:0, instance:com.testScripts.addToCart@5082d622]" started-at="2025-06-19T15:32:12 IST" name="configAM" finished-at="2025-06-19T15:32:13 IST" duration-ms="708" status="PASS">
          <reporter-output>
          </reporter-output>
        </test-method> <!-- configAM -->
      </class> <!-- com.testScripts.addToCart -->
      <class name="com.testScripts.homepageVerify">
        <test-method is-config="true" signature="configBT()[pri:0, instance:com.testScripts.homepageVerify@4a00d9cf]" started-at="2025-06-19T15:31:50 IST" name="configBT" finished-at="2025-06-19T15:31:56 IST" duration-ms="5982" status="PASS">
          <reporter-output>
          </reporter-output>
        </test-method> <!-- configBT -->
        <test-method is-config="true" signature="configBM()[pri:0, instance:com.testScripts.homepageVerify@4a00d9cf]" started-at="2025-06-19T15:31:56 IST" name="configBM" finished-at="2025-06-19T15:32:01 IST" duration-ms="4464" status="PASS">
          <reporter-output>
          </reporter-output>
        </test-method> <!-- configBM -->
        <test-method signature="verifyHomepageTest()[pri:0, instance:com.testScripts.homepageVerify@4a00d9cf]" started-at="2025-06-19T15:32:01 IST" name="verifyHomepageTest" finished-at="2025-06-19T15:32:02 IST" duration-ms="1325" status="PASS">
          <reporter-output>
          </reporter-output>
        </test-method> <!-- verifyHomepageTest -->
        <test-method is-config="true" signature="configAM()[pri:0, instance:com.testScripts.homepageVerify@4a00d9cf]" started-at="2025-06-19T15:32:02 IST" name="configAM" finished-at="2025-06-19T15:32:04 IST" duration-ms="1353" status="PASS">
          <reporter-output>
          </reporter-output>
        </test-method> <!-- configAM -->
        <test-method is-config="true" signature="ConfigAT()[pri:0, instance:com.testScripts.homepageVerify@4a00d9cf]" started-at="2025-06-19T15:32:13 IST" name="ConfigAT" finished-at="2025-06-19T15:32:19 IST" duration-ms="5313" status="PASS">
          <reporter-output>
          </reporter-output>
        </test-method> <!-- ConfigAT -->
      </class> <!-- com.testScripts.homepageVerify -->
    </test> <!-- Test -->
  </suite> <!-- Suite -->
</testng-results>
